<?xml version="1.0" encoding="UTF-8"?>
<!-- Generated by org.testng.reporters.JUnitXMLReporter -->
<testsuite hostname="DESKTOP-72J97CI" ignored="5" tests="1" failures="0" timestamp="2020-06-19T03:47:31 IST" time="4.244" errors="0">
  <testcase name="searchTest" time="4.18" classname="StoreTest"/>
  <testcase name="getData" time="0.0" classname="StoreTest">
    <ignored/>
  </testcase> <!-- getData -->
  <testcase name="check" time="0.0" classname="StoreTest">
    <ignored/>
  </testcase> <!-- check -->
  <testcase name="checkPost" time="0.0" classname="StoreTest">
    <ignored/>
  </testcase> <!-- checkPost -->
  <testcase name="insertCatlogTest" time="0.0" classname="StoreTest">
    <ignored/>
  </testcase> <!-- insertCatlogTest -->
  <testcase name="insertSupplierTest" time="0.0" classname="StoreTest">
    <ignored/>
  </testcase> <!-- insertSupplierTest -->
</testsuite>
