<?xml version="1.0" encoding="UTF-8"?>
<testng-results skipped="0" failed="0" ignored="5" total="6" passed="1">
  <reporter-output>
  </reporter-output>
  <suite name="Default suite" duration-ms="4244" started-at="2020-06-19T03:47:26 IST" finished-at="2020-06-19T03:47:31 IST">
    <groups>
    </groups>
    <test name="Default test" duration-ms="4244" started-at="2020-06-19T03:47:26 IST" finished-at="2020-06-19T03:47:31 IST">
      <class name="StoreTest">
        <test-method status="PASS" signature="searchTest()[pri:0, instance:StoreTest@1e965684]" name="searchTest" duration-ms="4180" started-at="2020-06-19T03:47:26 IST" finished-at="2020-06-19T03:47:31 IST">
          <reporter-output>
          </reporter-output>
        </test-method> <!-- searchTest -->
      </class> <!-- StoreTest -->
    </test> <!-- Default test -->
  </suite> <!-- Default suite -->
</testng-results>
